[n-c.iwedding.info/index.html]
[backblue.gif]
[fade.gif]
[index.html]
[n-c.iwedding.info/templates/template9/css/libs27d7.css]
[n-c.iwedding.info/common/calendar27d7.css]
[n-c.iwedding.info/common/toastr/toastr.min27d7.css]
[n-c.iwedding.info/templates/template9/css/style27d7.css]
[n-c.iwedding.info/rsvp.html]
[n-c.iwedding.info/common/calendar27d7.js]
[n-c.iwedding.info/templates/template9/js/jquery-plugin-collection27d7.js]
[n-c.iwedding.info/templates/template9/js/script27d7.js]
[n-c.iwedding.info/common/biicommon.min27d7.js]
[n-c.iwedding.info/common/emoji-picker/js/insertTextAtCursor27d7.js]
[n-c.iwedding.info/common/emoji-picker/js/init27d7.js]
[n-c.iwedding.info/index.html]
[n-c.iwedding.info/templates/template9/css/libs27d7.css]
[n-c.iwedding.info/common/calendar27d7.css]
[n-c.iwedding.info/common/toastr/toastr.min27d7.css]
[n-c.iwedding.info/templates/template9/css/style27d7.css]
[n-c.iwedding.info/rsvp.html]
[n-c.iwedding.info/common/toastr/toastr.min27d7.js]
